#! /opt/homebrew/Cellar/icarus-verilog/12.0/bin/vvp
:ivl_version "12.0 (stable)";
:ivl_delay_selection "TYPICAL";
:vpi_time_precision - 12;
:vpi_module "/opt/homebrew/Cellar/icarus-verilog/12.0/lib/ivl/system.vpi";
:vpi_module "/opt/homebrew/Cellar/icarus-verilog/12.0/lib/ivl/vhdl_sys.vpi";
:vpi_module "/opt/homebrew/Cellar/icarus-verilog/12.0/lib/ivl/vhdl_textio.vpi";
:vpi_module "/opt/homebrew/Cellar/icarus-verilog/12.0/lib/ivl/v2005_math.vpi";
:vpi_module "/opt/homebrew/Cellar/icarus-verilog/12.0/lib/ivl/va_math.vpi";
:vpi_module "/opt/homebrew/Cellar/icarus-verilog/12.0/lib/ivl/v2009.vpi";
S_0x144f0cc30 .scope package, "$unit" "$unit" 2 1;
 .timescale 0 0;
S_0x144f0cda0 .scope module, "tmds_2_tb" "tmds_2_tb" 3 5;
 .timescale -9 -12;
v0x144f1ecd0_0 .var "clk_in", 0 0;
v0x144f1ed60_0 .var "control_in", 1 0;
v0x144f1edf0_0 .var "data_in", 7 0;
v0x144f1eee0_0 .var "rst_in", 0 0;
v0x144f1ef70_0 .net "tmds_out", 9 0, v0x144f1e9c0_0;  1 drivers
v0x144f1f040_0 .var "ve_in", 0 0;
S_0x144f0cf10 .scope begin, "$ivl_for_loop0" "$ivl_for_loop0" 3 38, 3 38 0, S_0x144f0cda0;
 .timescale -9 -12;
v0x144f0d0d0_0 .var/2s "i", 31 0;
S_0x144f1d0d0 .scope begin, "$ivl_for_loop1" "$ivl_for_loop1" 3 61, 3 61 0, S_0x144f0cda0;
 .timescale -9 -12;
v0x144f1d2a0_0 .var/2s "i", 31 0;
S_0x144f1d330 .scope module, "uut" "tmds_encoder" 3 13, 4 2 0, S_0x144f0cda0;
 .timescale -9 -12;
    .port_info 0 /INPUT 1 "clk_in";
    .port_info 1 /INPUT 1 "rst_in";
    .port_info 2 /INPUT 8 "data_in";
    .port_info 3 /INPUT 2 "control_in";
    .port_info 4 /INPUT 1 "ve_in";
    .port_info 5 /OUTPUT 10 "tmds_out";
v0x144f1e4e0_0 .net "clk_in", 0 0, v0x144f1ecd0_0;  1 drivers
v0x144f1e580_0 .net "control_in", 1 0, v0x144f1ed60_0;  1 drivers
v0x144f1e630_0 .net "data_in", 7 0, v0x144f1edf0_0;  1 drivers
v0x144f1e700_0 .var "disparity", 4 0;
v0x144f1e7a0_0 .var "ones_count", 3 0;
v0x144f1e890_0 .net "q_m", 8 0, v0x144f1e400_0;  1 drivers
v0x144f1e930_0 .net "rst_in", 0 0, v0x144f1eee0_0;  1 drivers
v0x144f1e9c0_0 .var "tmds_out", 9 0;
v0x144f1ea70_0 .net "ve_in", 0 0, v0x144f1f040_0;  1 drivers
v0x144f1eb90_0 .var "zeros_count", 3 0;
E_0x144f1d5d0 .event posedge, v0x144f1e4e0_0;
E_0x144f1d620 .event anyedge, v0x144f1e400_0;
S_0x144f1d670 .scope begin, "$ivl_for_loop2" "$ivl_for_loop2" 4 22, 4 22 0, S_0x144f1d330;
 .timescale -9 -12;
v0x144f1d840_0 .var/i "i", 31 0;
S_0x144f1d900 .scope begin, "$ivl_for_loop3" "$ivl_for_loop3" 4 28, 4 28 0, S_0x144f1d330;
 .timescale -9 -12;
v0x144f1dad0_0 .var/i "i", 31 0;
S_0x144f1db80 .scope module, "mtm" "tm_choice" 4 15, 5 1 0, S_0x144f1d330;
 .timescale -9 -12;
    .port_info 0 /INPUT 8 "data_in";
    .port_info 1 /OUTPUT 9 "qm_out";
v0x144f1e340_0 .net "data_in", 7 0, v0x144f1edf0_0;  alias, 1 drivers
v0x144f1e400_0 .var "qm_out", 8 0;
E_0x144f1dd90/0 .event anyedge, v0x144f1e340_0, v0x144f1e340_0, v0x144f1e340_0, v0x144f1e340_0;
E_0x144f1dd90/1 .event anyedge, v0x144f1e340_0, v0x144f1e340_0, v0x144f1e340_0, v0x144f1e340_0;
E_0x144f1dd90/2 .event anyedge, v0x144f1e340_0, v0x144f1e400_0;
E_0x144f1dd90 .event/or E_0x144f1dd90/0, E_0x144f1dd90/1, E_0x144f1dd90/2;
S_0x144f1de30 .scope begin, "$ivl_for_loop4" "$ivl_for_loop4" 5 9, 5 9 0, S_0x144f1db80;
 .timescale -9 -12;
v0x144f1e000_0 .var/i "i", 31 0;
S_0x144f1e0c0 .scope begin, "$ivl_for_loop5" "$ivl_for_loop5" 5 13, 5 13 0, S_0x144f1db80;
 .timescale -9 -12;
v0x144f1e290_0 .var/i "i", 31 0;
    .scope S_0x144f1db80;
T_0 ;
    %pushi/vec4 0, 0, 9;
    %store/vec4 v0x144f1e400_0, 0, 9;
    %end;
    .thread T_0, $init;
    .scope S_0x144f1db80;
T_1 ;
Ewait_0 .event/or E_0x144f1dd90, E_0x0;
    %wait Ewait_0;
    %load/vec4 v0x144f1e340_0;
    %parti/s 1, 7, 4;
    %pad/u 4;
    %load/vec4 v0x144f1e340_0;
    %parti/s 1, 6, 4;
    %pad/u 4;
    %add;
    %load/vec4 v0x144f1e340_0;
    %parti/s 1, 5, 4;
    %pad/u 4;
    %add;
    %load/vec4 v0x144f1e340_0;
    %parti/s 1, 4, 4;
    %pad/u 4;
    %add;
    %load/vec4 v0x144f1e340_0;
    %parti/s 1, 3, 3;
    %pad/u 4;
    %add;
    %load/vec4 v0x144f1e340_0;
    %parti/s 1, 2, 3;
    %pad/u 4;
    %add;
    %load/vec4 v0x144f1e340_0;
    %parti/s 1, 1, 2;
    %pad/u 4;
    %add;
    %load/vec4 v0x144f1e340_0;
    %parti/s 1, 0, 2;
    %pad/u 4;
    %add;
    %cmpi/u 4, 0, 4;
    %flag_or 5, 4; GT is !LE
    %flag_inv 5;
    %jmp/1 T_1.2, 5;
    %flag_mov 8, 5;
    %load/vec4 v0x144f1e340_0;
    %parti/s 1, 7, 4;
    %pad/u 4;
    %load/vec4 v0x144f1e340_0;
    %parti/s 1, 6, 4;
    %pad/u 4;
    %add;
    %load/vec4 v0x144f1e340_0;
    %parti/s 1, 5, 4;
    %pad/u 4;
    %add;
    %load/vec4 v0x144f1e340_0;
    %parti/s 1, 4, 4;
    %pad/u 4;
    %add;
    %load/vec4 v0x144f1e340_0;
    %parti/s 1, 3, 3;
    %pad/u 4;
    %add;
    %load/vec4 v0x144f1e340_0;
    %parti/s 1, 2, 3;
    %pad/u 4;
    %add;
    %load/vec4 v0x144f1e340_0;
    %parti/s 1, 1, 2;
    %pad/u 4;
    %add;
    %load/vec4 v0x144f1e340_0;
    %parti/s 1, 0, 2;
    %pad/u 4;
    %add;
    %cmpi/e 4, 0, 4;
    %flag_get/vec4 4;
    %jmp/0 T_1.3, 4;
    %load/vec4 v0x144f1e340_0;
    %parti/s 1, 0, 2;
    %pushi/vec4 0, 0, 1;
    %cmp/e;
    %flag_get/vec4 4;
    %and;
T_1.3;
    %flag_set/vec4 9;
    %flag_or 9, 8;
    %flag_mov 5, 9;
T_1.2;
    %jmp/0xz  T_1.0, 5;
    %fork t_1, S_0x144f1de30;
    %jmp t_0;
    .scope S_0x144f1de30;
t_1 ;
    %pushi/vec4 0, 0, 32;
    %store/vec4 v0x144f1e000_0, 0, 32;
T_1.4 ;
    %load/vec4 v0x144f1e000_0;
    %cmpi/s 8, 0, 32;
    %jmp/0xz T_1.5, 5;
    %pushi/vec4 0, 0, 1;
    %load/vec4 v0x144f1e340_0;
    %parti/s 7, 1, 2;
    %load/vec4 v0x144f1e400_0;
    %parti/s 7, 0, 2;
    %xor;
    %inv;
    %concat/vec4; draw_concat_vec4
    %load/vec4 v0x144f1e340_0;
    %parti/s 1, 0, 2;
    %concat/vec4; draw_concat_vec4
    %store/vec4 v0x144f1e400_0, 0, 9;
    ; show_stmt_assign_vector: Get l-value for compressed += operand
    %load/vec4 v0x144f1e000_0;
    %pushi/vec4 1, 0, 32;
    %add;
    %store/vec4 v0x144f1e000_0, 0, 32;
    %jmp T_1.4;
T_1.5 ;
    %end;
    .scope S_0x144f1db80;
t_0 %join;
    %jmp T_1.1;
T_1.0 ;
    %fork t_3, S_0x144f1e0c0;
    %jmp t_2;
    .scope S_0x144f1e0c0;
t_3 ;
    %pushi/vec4 0, 0, 32;
    %store/vec4 v0x144f1e290_0, 0, 32;
T_1.6 ;
    %load/vec4 v0x144f1e290_0;
    %cmpi/s 8, 0, 32;
    %jmp/0xz T_1.7, 5;
    %pushi/vec4 1, 0, 1;
    %load/vec4 v0x144f1e340_0;
    %parti/s 7, 1, 2;
    %load/vec4 v0x144f1e400_0;
    %parti/s 7, 0, 2;
    %xor;
    %concat/vec4; draw_concat_vec4
    %load/vec4 v0x144f1e340_0;
    %parti/s 1, 0, 2;
    %concat/vec4; draw_concat_vec4
    %store/vec4 v0x144f1e400_0, 0, 9;
    ; show_stmt_assign_vector: Get l-value for compressed += operand
    %load/vec4 v0x144f1e290_0;
    %pushi/vec4 1, 0, 32;
    %add;
    %store/vec4 v0x144f1e290_0, 0, 32;
    %jmp T_1.6;
T_1.7 ;
    %end;
    .scope S_0x144f1db80;
t_2 %join;
T_1.1 ;
    %jmp T_1;
    .thread T_1, $push;
    .scope S_0x144f1d330;
T_2 ;
    %pushi/vec4 0, 0, 5;
    %store/vec4 v0x144f1e700_0, 0, 5;
    %end;
    .thread T_2, $init;
    .scope S_0x144f1d330;
T_3 ;
Ewait_1 .event/or E_0x144f1d620, E_0x0;
    %wait Ewait_1;
    %pushi/vec4 0, 0, 4;
    %store/vec4 v0x144f1e7a0_0, 0, 4;
    %pushi/vec4 0, 0, 4;
    %store/vec4 v0x144f1eb90_0, 0, 4;
    %fork t_5, S_0x144f1d670;
    %jmp t_4;
    .scope S_0x144f1d670;
t_5 ;
    %pushi/vec4 0, 0, 32;
    %store/vec4 v0x144f1d840_0, 0, 32;
T_3.0 ;
    %load/vec4 v0x144f1d840_0;
    %cmpi/s 8, 0, 32;
    %jmp/0xz T_3.1, 5;
    %load/vec4 v0x144f1e890_0;
    %load/vec4 v0x144f1d840_0;
    %part/s 1;
    %pad/u 32;
    %cmpi/e 1, 0, 32;
    %jmp/0xz  T_3.2, 4;
    %load/vec4 v0x144f1e7a0_0;
    %addi 1, 0, 4;
    %store/vec4 v0x144f1e7a0_0, 0, 4;
T_3.2 ;
    ; show_stmt_assign_vector: Get l-value for compressed += operand
    %load/vec4 v0x144f1d840_0;
    %pushi/vec4 1, 0, 32;
    %add;
    %store/vec4 v0x144f1d840_0, 0, 32;
    %jmp T_3.0;
T_3.1 ;
    %end;
    .scope S_0x144f1d330;
t_4 %join;
    %fork t_7, S_0x144f1d900;
    %jmp t_6;
    .scope S_0x144f1d900;
t_7 ;
    %pushi/vec4 0, 0, 32;
    %store/vec4 v0x144f1dad0_0, 0, 32;
T_3.4 ;
    %load/vec4 v0x144f1dad0_0;
    %cmpi/s 8, 0, 32;
    %jmp/0xz T_3.5, 5;
    %load/vec4 v0x144f1e890_0;
    %load/vec4 v0x144f1dad0_0;
    %part/s 1;
    %pad/u 32;
    %cmpi/e 0, 0, 32;
    %jmp/0xz  T_3.6, 4;
    %load/vec4 v0x144f1eb90_0;
    %addi 1, 0, 4;
    %store/vec4 v0x144f1eb90_0, 0, 4;
T_3.6 ;
    ; show_stmt_assign_vector: Get l-value for compressed += operand
    %load/vec4 v0x144f1dad0_0;
    %pushi/vec4 1, 0, 32;
    %add;
    %store/vec4 v0x144f1dad0_0, 0, 32;
    %jmp T_3.4;
T_3.5 ;
    %end;
    .scope S_0x144f1d330;
t_6 %join;
    %jmp T_3;
    .thread T_3, $push;
    .scope S_0x144f1d330;
T_4 ;
    %wait E_0x144f1d5d0;
    %load/vec4 v0x144f1ea70_0;
    %flag_set/vec4 8;
    %jmp/0xz  T_4.0, 8;
    %load/vec4 v0x144f1e930_0;
    %flag_set/vec4 8;
    %jmp/0xz  T_4.2, 8;
    %pushi/vec4 0, 0, 10;
    %assign/vec4 v0x144f1e9c0_0, 0;
    %jmp T_4.3;
T_4.2 ;
    %load/vec4 v0x144f1e700_0;
    %cmpi/e 0, 0, 5;
    %jmp/1 T_4.6, 4;
    %flag_mov 8, 4;
    %load/vec4 v0x144f1e7a0_0;
    %load/vec4 v0x144f1eb90_0;
    %cmp/e;
    %flag_or 4, 8;
T_4.6;
    %jmp/0xz  T_4.4, 4;
    %load/vec4 v0x144f1e700_0;
    %load/vec4 v0x144f1e890_0;
    %parti/s 1, 8, 5;
    %pad/u 32;
    %cmpi/e 0, 0, 32;
    %flag_mov 8, 4;
    %jmp/0 T_4.7, 8;
    %load/vec4 v0x144f1eb90_0;
    %pad/u 5;
    %load/vec4 v0x144f1e7a0_0;
    %pad/u 5;
    %sub;
    %jmp/1 T_4.8, 8;
T_4.7 ; End of true expr.
    %load/vec4 v0x144f1e7a0_0;
    %pad/u 5;
    %load/vec4 v0x144f1eb90_0;
    %pad/u 5;
    %sub;
    %jmp/0 T_4.8, 8;
 ; End of false expr.
    %blend;
T_4.8;
    %add;
    %assign/vec4 v0x144f1e700_0, 0;
    %load/vec4 v0x144f1e890_0;
    %parti/s 1, 8, 5;
    %inv;
    %load/vec4 v0x144f1e890_0;
    %parti/s 1, 8, 5;
    %concat/vec4; draw_concat_vec4
    %load/vec4 v0x144f1e890_0;
    %parti/s 1, 8, 5;
    %flag_set/vec4 8;
    %jmp/0 T_4.9, 8;
    %load/vec4 v0x144f1e890_0;
    %parti/s 8, 0, 2;
    %jmp/1 T_4.10, 8;
T_4.9 ; End of true expr.
    %load/vec4 v0x144f1e890_0;
    %parti/s 8, 0, 2;
    %inv;
    %jmp/0 T_4.10, 8;
 ; End of false expr.
    %blend;
T_4.10;
    %concat/vec4; draw_concat_vec4
    %assign/vec4 v0x144f1e9c0_0, 0;
    %jmp T_4.5;
T_4.4 ;
    %load/vec4 v0x144f1e700_0;
    %parti/s 1, 4, 4;
    %pad/u 32;
    %cmpi/e 0, 0, 32;
    %flag_get/vec4 4;
    %jmp/0 T_4.14, 4;
    %load/vec4 v0x144f1eb90_0;
    %load/vec4 v0x144f1e7a0_0;
    %cmp/u;
    %flag_get/vec4 5;
    %and;
T_4.14;
    %flag_set/vec4 8;
    %jmp/1 T_4.13, 8;
    %load/vec4 v0x144f1e700_0;
    %parti/s 1, 4, 4;
    %pad/u 32;
    %cmpi/e 1, 0, 32;
    %flag_get/vec4 4;
    %jmp/0 T_4.15, 4;
    %load/vec4 v0x144f1e7a0_0;
    %load/vec4 v0x144f1eb90_0;
    %cmp/u;
    %flag_get/vec4 5;
    %and;
T_4.15;
    %flag_set/vec4 9;
    %flag_or 8, 9;
T_4.13;
    %jmp/0xz  T_4.11, 8;
    %pushi/vec4 1, 0, 1;
    %load/vec4 v0x144f1e890_0;
    %parti/s 1, 8, 5;
    %concat/vec4; draw_concat_vec4
    %load/vec4 v0x144f1e890_0;
    %parti/s 8, 0, 2;
    %inv;
    %concat/vec4; draw_concat_vec4
    %assign/vec4 v0x144f1e9c0_0, 0;
    %load/vec4 v0x144f1e700_0;
    %load/vec4 v0x144f1e890_0;
    %parti/s 1, 8, 5;
    %concati/vec4 0, 0, 1;
    %pad/u 5;
    %add;
    %load/vec4 v0x144f1eb90_0;
    %pad/u 5;
    %load/vec4 v0x144f1e7a0_0;
    %pad/u 5;
    %sub;
    %add;
    %assign/vec4 v0x144f1e700_0, 0;
    %jmp T_4.12;
T_4.11 ;
    %pushi/vec4 0, 0, 1;
    %load/vec4 v0x144f1e890_0;
    %parti/s 1, 8, 5;
    %concat/vec4; draw_concat_vec4
    %load/vec4 v0x144f1e890_0;
    %parti/s 8, 0, 2;
    %concat/vec4; draw_concat_vec4
    %assign/vec4 v0x144f1e9c0_0, 0;
    %load/vec4 v0x144f1e700_0;
    %load/vec4 v0x144f1e890_0;
    %parti/s 1, 8, 5;
    %inv;
    %concati/vec4 0, 0, 1;
    %pad/u 5;
    %sub;
    %load/vec4 v0x144f1e7a0_0;
    %pad/u 5;
    %load/vec4 v0x144f1eb90_0;
    %pad/u 5;
    %sub;
    %add;
    %assign/vec4 v0x144f1e700_0, 0;
T_4.12 ;
T_4.5 ;
T_4.3 ;
    %jmp T_4.1;
T_4.0 ;
    %load/vec4 v0x144f1e930_0;
    %flag_set/vec4 8;
    %jmp/0xz  T_4.16, 8;
    %pushi/vec4 0, 0, 10;
    %assign/vec4 v0x144f1e9c0_0, 0;
    %jmp T_4.17;
T_4.16 ;
    %pushi/vec4 0, 0, 5;
    %assign/vec4 v0x144f1e700_0, 0;
    %load/vec4 v0x144f1e580_0;
    %dup/vec4;
    %pushi/vec4 0, 0, 2;
    %cmp/u;
    %jmp/1 T_4.18, 6;
    %dup/vec4;
    %pushi/vec4 1, 0, 2;
    %cmp/u;
    %jmp/1 T_4.19, 6;
    %dup/vec4;
    %pushi/vec4 2, 0, 2;
    %cmp/u;
    %jmp/1 T_4.20, 6;
    %dup/vec4;
    %pushi/vec4 3, 0, 2;
    %cmp/u;
    %jmp/1 T_4.21, 6;
    %jmp T_4.22;
T_4.18 ;
    %pushi/vec4 852, 0, 10;
    %assign/vec4 v0x144f1e9c0_0, 0;
    %jmp T_4.22;
T_4.19 ;
    %pushi/vec4 171, 0, 10;
    %assign/vec4 v0x144f1e9c0_0, 0;
    %jmp T_4.22;
T_4.20 ;
    %pushi/vec4 340, 0, 10;
    %assign/vec4 v0x144f1e9c0_0, 0;
    %jmp T_4.22;
T_4.21 ;
    %pushi/vec4 683, 0, 10;
    %assign/vec4 v0x144f1e9c0_0, 0;
    %jmp T_4.22;
T_4.22 ;
    %pop/vec4 1;
T_4.17 ;
T_4.1 ;
    %jmp T_4;
    .thread T_4;
    .scope S_0x144f0cda0;
T_5 ;
    %delay 5000, 0;
    %load/vec4 v0x144f1ecd0_0;
    %nor/r;
    %store/vec4 v0x144f1ecd0_0, 0, 1;
    %jmp T_5;
    .thread T_5;
    .scope S_0x144f0cda0;
T_6 ;
    %vpi_call/w 3 28 "$dumpfile", "tmds_2_tb.vcd" {0 0 0};
    %vpi_call/w 3 29 "$dumpvars", 32'sb00000000000000000000000000000000, S_0x144f0cda0 {0 0 0};
    %vpi_call/w 3 30 "$display", "Starting Sim" {0 0 0};
    %pushi/vec4 0, 0, 1;
    %store/vec4 v0x144f1ecd0_0, 0, 1;
    %pushi/vec4 1, 0, 1;
    %store/vec4 v0x144f1eee0_0, 0, 1;
    %pushi/vec4 0, 0, 2;
    %store/vec4 v0x144f1ed60_0, 0, 2;
    %pushi/vec4 1, 0, 1;
    %store/vec4 v0x144f1f040_0, 0, 1;
    %pushi/vec4 0, 0, 8;
    %store/vec4 v0x144f1edf0_0, 0, 8;
    %delay 10000, 0;
    %pushi/vec4 0, 0, 1;
    %store/vec4 v0x144f1eee0_0, 0, 1;
    %fork t_9, S_0x144f0cf10;
    %jmp t_8;
    .scope S_0x144f0cf10;
t_9 ;
    %pushi/vec4 0, 0, 32;
    %store/vec4 v0x144f0d0d0_0, 0, 32;
T_6.0 ;
    %load/vec4 v0x144f0d0d0_0;
    %cmpi/s 1024, 0, 32;
    %jmp/0xz T_6.1, 5;
    %load/vec4 v0x144f0d0d0_0;
    %pad/s 8;
    %store/vec4 v0x144f1edf0_0, 0, 8;
    %delay 10000, 0;
    %load/vec4 v0x144f0d0d0_0;
    %addi 1, 0, 32;
    %cast2;
    %store/vec4 v0x144f0d0d0_0, 0, 32;
    %jmp T_6.0;
T_6.1 ;
    %end;
    .scope S_0x144f0cda0;
t_8 %join;
    %pushi/vec4 0, 0, 2;
    %store/vec4 v0x144f1ed60_0, 0, 2;
    %delay 100000, 0;
    %pushi/vec4 1, 0, 2;
    %store/vec4 v0x144f1ed60_0, 0, 2;
    %delay 100000, 0;
    %pushi/vec4 2, 0, 2;
    %store/vec4 v0x144f1ed60_0, 0, 2;
    %delay 100000, 0;
    %pushi/vec4 3, 0, 2;
    %store/vec4 v0x144f1ed60_0, 0, 2;
    %delay 100000, 0;
    %pushi/vec4 0, 0, 1;
    %store/vec4 v0x144f1f040_0, 0, 1;
    %pushi/vec4 0, 0, 2;
    %store/vec4 v0x144f1ed60_0, 0, 2;
    %delay 100000, 0;
    %pushi/vec4 1, 0, 2;
    %store/vec4 v0x144f1ed60_0, 0, 2;
    %delay 100000, 0;
    %pushi/vec4 2, 0, 2;
    %store/vec4 v0x144f1ed60_0, 0, 2;
    %delay 100000, 0;
    %pushi/vec4 3, 0, 2;
    %store/vec4 v0x144f1ed60_0, 0, 2;
    %delay 100000, 0;
    %pushi/vec4 1, 0, 1;
    %store/vec4 v0x144f1f040_0, 0, 1;
    %delay 10000, 0;
    %fork t_11, S_0x144f1d0d0;
    %jmp t_10;
    .scope S_0x144f1d0d0;
t_11 ;
    %pushi/vec4 0, 0, 32;
    %store/vec4 v0x144f1d2a0_0, 0, 32;
T_6.2 ;
    %load/vec4 v0x144f1d2a0_0;
    %cmpi/s 1024, 0, 32;
    %jmp/0xz T_6.3, 5;
    %pushi/vec4 255, 0, 32;
    %load/vec4 v0x144f1d2a0_0;
    %sub;
    %pad/s 8;
    %store/vec4 v0x144f1edf0_0, 0, 8;
    %delay 10000, 0;
    %load/vec4 v0x144f1d2a0_0;
    %addi 1, 0, 32;
    %cast2;
    %store/vec4 v0x144f1d2a0_0, 0, 32;
    %jmp T_6.2;
T_6.3 ;
    %end;
    .scope S_0x144f0cda0;
t_10 %join;
    %delay 500000, 0;
    %vpi_call/w 3 66 "$display", "Finishing Sim" {0 0 0};
    %vpi_call/w 3 67 "$finish" {0 0 0};
    %end;
    .thread T_6;
# The file index is used to find the file name in the following table.
:file_names 6;
    "N/A";
    "<interactive>";
    "-";
    "sim/tmds_2_tb.sv";
    "hdl/tmds_encoder.sv";
    "hdl/tm_choice.sv";
