#! /opt/homebrew/Cellar/icarus-verilog/12.0/bin/vvp
:ivl_version "12.0 (stable)";
:ivl_delay_selection "TYPICAL";
:vpi_time_precision - 12;
:vpi_module "/opt/homebrew/Cellar/icarus-verilog/12.0/lib/ivl/system.vpi";
:vpi_module "/opt/homebrew/Cellar/icarus-verilog/12.0/lib/ivl/vhdl_sys.vpi";
:vpi_module "/opt/homebrew/Cellar/icarus-verilog/12.0/lib/ivl/vhdl_textio.vpi";
:vpi_module "/opt/homebrew/Cellar/icarus-verilog/12.0/lib/ivl/v2005_math.vpi";
:vpi_module "/opt/homebrew/Cellar/icarus-verilog/12.0/lib/ivl/va_math.vpi";
:vpi_module "/opt/homebrew/Cellar/icarus-verilog/12.0/lib/ivl/v2009.vpi";
S_0x120e07930 .scope package, "$unit" "$unit" 2 1;
 .timescale 0 0;
S_0x120e07aa0 .scope module, "tm_choice_tb" "tm_choice_tb" 3 4;
 .timescale -9 -12;
v0x120e282a0_0 .var "data_in", 7 0;
v0x120e28360_0 .net "qm_out", 8 0, v0x120e281c0_0;  1 drivers
S_0x120e0aab0 .scope module, "uut" "tm_choice" 3 9, 4 38 0, S_0x120e07aa0;
 .timescale -9 -12;
    .port_info 0 /INPUT 8 "data_in";
    .port_info 1 /OUTPUT 9 "qm_out";
v0x120e28100_0 .net "data_in", 7 0, v0x120e282a0_0;  1 drivers
v0x120e281c0_0 .var "qm_out", 8 0;
E_0x120e08500/0 .event anyedge, v0x120e28100_0, v0x120e28100_0, v0x120e28100_0, v0x120e28100_0;
E_0x120e08500/1 .event anyedge, v0x120e28100_0, v0x120e28100_0, v0x120e28100_0, v0x120e28100_0;
E_0x120e08500/2 .event anyedge, v0x120e28100_0, v0x120e281c0_0;
E_0x120e08500 .event/or E_0x120e08500/0, E_0x120e08500/1, E_0x120e08500/2;
S_0x120e0ac20 .scope begin, "$ivl_for_loop0" "$ivl_for_loop0" 4 46, 4 46 0, S_0x120e0aab0;
 .timescale -9 -12;
v0x120e17b30_0 .var/i "i", 31 0;
S_0x120e27ea0 .scope begin, "$ivl_for_loop1" "$ivl_for_loop1" 4 50, 4 50 0, S_0x120e0aab0;
 .timescale -9 -12;
v0x120e28070_0 .var/i "i", 31 0;
    .scope S_0x120e0aab0;
T_0 ;
    %pushi/vec4 0, 0, 9;
    %store/vec4 v0x120e281c0_0, 0, 9;
    %end;
    .thread T_0, $init;
    .scope S_0x120e0aab0;
T_1 ;
Ewait_0 .event/or E_0x120e08500, E_0x0;
    %wait Ewait_0;
    %load/vec4 v0x120e28100_0;
    %parti/s 1, 7, 4;
    %pad/u 4;
    %load/vec4 v0x120e28100_0;
    %parti/s 1, 6, 4;
    %pad/u 4;
    %add;
    %load/vec4 v0x120e28100_0;
    %parti/s 1, 5, 4;
    %pad/u 4;
    %add;
    %load/vec4 v0x120e28100_0;
    %parti/s 1, 4, 4;
    %pad/u 4;
    %add;
    %load/vec4 v0x120e28100_0;
    %parti/s 1, 3, 3;
    %pad/u 4;
    %add;
    %load/vec4 v0x120e28100_0;
    %parti/s 1, 2, 3;
    %pad/u 4;
    %add;
    %load/vec4 v0x120e28100_0;
    %parti/s 1, 1, 2;
    %pad/u 4;
    %add;
    %load/vec4 v0x120e28100_0;
    %parti/s 1, 0, 2;
    %pad/u 4;
    %add;
    %cmpi/u 4, 0, 4;
    %flag_or 5, 4; GT is !LE
    %flag_inv 5;
    %jmp/1 T_1.2, 5;
    %flag_mov 8, 5;
    %load/vec4 v0x120e28100_0;
    %parti/s 1, 7, 4;
    %pad/u 4;
    %load/vec4 v0x120e28100_0;
    %parti/s 1, 6, 4;
    %pad/u 4;
    %add;
    %load/vec4 v0x120e28100_0;
    %parti/s 1, 5, 4;
    %pad/u 4;
    %add;
    %load/vec4 v0x120e28100_0;
    %parti/s 1, 4, 4;
    %pad/u 4;
    %add;
    %load/vec4 v0x120e28100_0;
    %parti/s 1, 3, 3;
    %pad/u 4;
    %add;
    %load/vec4 v0x120e28100_0;
    %parti/s 1, 2, 3;
    %pad/u 4;
    %add;
    %load/vec4 v0x120e28100_0;
    %parti/s 1, 1, 2;
    %pad/u 4;
    %add;
    %load/vec4 v0x120e28100_0;
    %parti/s 1, 0, 2;
    %pad/u 4;
    %add;
    %cmpi/e 4, 0, 4;
    %flag_get/vec4 4;
    %jmp/0 T_1.3, 4;
    %load/vec4 v0x120e28100_0;
    %parti/s 1, 0, 2;
    %pushi/vec4 0, 0, 1;
    %cmp/e;
    %flag_get/vec4 4;
    %and;
T_1.3;
    %flag_set/vec4 9;
    %flag_or 9, 8;
    %flag_mov 5, 9;
T_1.2;
    %jmp/0xz  T_1.0, 5;
    %fork t_1, S_0x120e0ac20;
    %jmp t_0;
    .scope S_0x120e0ac20;
t_1 ;
    %pushi/vec4 0, 0, 32;
    %store/vec4 v0x120e17b30_0, 0, 32;
T_1.4 ;
    %load/vec4 v0x120e17b30_0;
    %cmpi/s 8, 0, 32;
    %jmp/0xz T_1.5, 5;
    %pushi/vec4 0, 0, 1;
    %load/vec4 v0x120e28100_0;
    %parti/s 7, 1, 2;
    %load/vec4 v0x120e281c0_0;
    %parti/s 7, 0, 2;
    %xor;
    %inv;
    %concat/vec4; draw_concat_vec4
    %load/vec4 v0x120e28100_0;
    %parti/s 1, 0, 2;
    %concat/vec4; draw_concat_vec4
    %store/vec4 v0x120e281c0_0, 0, 9;
    ; show_stmt_assign_vector: Get l-value for compressed += operand
    %load/vec4 v0x120e17b30_0;
    %pushi/vec4 1, 0, 32;
    %add;
    %store/vec4 v0x120e17b30_0, 0, 32;
    %jmp T_1.4;
T_1.5 ;
    %end;
    .scope S_0x120e0aab0;
t_0 %join;
    %jmp T_1.1;
T_1.0 ;
    %fork t_3, S_0x120e27ea0;
    %jmp t_2;
    .scope S_0x120e27ea0;
t_3 ;
    %pushi/vec4 0, 0, 32;
    %store/vec4 v0x120e28070_0, 0, 32;
T_1.6 ;
    %load/vec4 v0x120e28070_0;
    %cmpi/s 8, 0, 32;
    %jmp/0xz T_1.7, 5;
    %pushi/vec4 1, 0, 1;
    %load/vec4 v0x120e28100_0;
    %parti/s 7, 1, 2;
    %load/vec4 v0x120e281c0_0;
    %parti/s 7, 0, 2;
    %xor;
    %concat/vec4; draw_concat_vec4
    %load/vec4 v0x120e28100_0;
    %parti/s 1, 0, 2;
    %concat/vec4; draw_concat_vec4
    %store/vec4 v0x120e281c0_0, 0, 9;
    ; show_stmt_assign_vector: Get l-value for compressed += operand
    %load/vec4 v0x120e28070_0;
    %pushi/vec4 1, 0, 32;
    %add;
    %store/vec4 v0x120e28070_0, 0, 32;
    %jmp T_1.6;
T_1.7 ;
    %end;
    .scope S_0x120e0aab0;
t_2 %join;
T_1.1 ;
    %jmp T_1;
    .thread T_1, $push;
    .scope S_0x120e07aa0;
T_2 ;
    %vpi_call/w 3 15 "$dumpfile", "tm_choice.vcd" {0 0 0};
    %vpi_call/w 3 16 "$dumpvars", 32'sb00000000000000000000000000000000, S_0x120e07aa0 {0 0 0};
    %vpi_call/w 3 17 "$display", "Starting Simulation" {0 0 0};
    %pushi/vec4 0, 0, 8;
    %store/vec4 v0x120e282a0_0, 0, 8;
    %delay 10000, 0;
    %vpi_call/w 3 20 "$display", "data_in: %b, qm_out: %b", v0x120e282a0_0, v0x120e28360_0 {0 0 0};
    %pushi/vec4 1, 0, 8;
    %store/vec4 v0x120e282a0_0, 0, 8;
    %delay 10000, 0;
    %vpi_call/w 3 23 "$display", "data_in: %b, qm_out: %b", v0x120e282a0_0, v0x120e28360_0 {0 0 0};
    %pushi/vec4 2, 0, 8;
    %store/vec4 v0x120e282a0_0, 0, 8;
    %delay 10000, 0;
    %vpi_call/w 3 26 "$display", "data_in: %b, qm_out: %b", v0x120e282a0_0, v0x120e28360_0 {0 0 0};
    %pushi/vec4 3, 0, 8;
    %store/vec4 v0x120e282a0_0, 0, 8;
    %delay 10000, 0;
    %vpi_call/w 3 29 "$display", "data_in: %b, qm_out: %b", v0x120e282a0_0, v0x120e28360_0 {0 0 0};
    %pushi/vec4 4, 0, 8;
    %store/vec4 v0x120e282a0_0, 0, 8;
    %delay 10000, 0;
    %vpi_call/w 3 32 "$display", "data_in: %b, qm_out: %b", v0x120e282a0_0, v0x120e28360_0 {0 0 0};
    %pushi/vec4 5, 0, 8;
    %store/vec4 v0x120e282a0_0, 0, 8;
    %delay 10000, 0;
    %vpi_call/w 3 35 "$display", "data_in: %b, qm_out: %b", v0x120e282a0_0, v0x120e28360_0 {0 0 0};
    %pushi/vec4 6, 0, 8;
    %store/vec4 v0x120e282a0_0, 0, 8;
    %delay 10000, 0;
    %vpi_call/w 3 38 "$display", "data_in: %b, qm_out: %b", v0x120e282a0_0, v0x120e28360_0 {0 0 0};
    %vpi_call/w 3 41 "$display", "Simulation finished" {0 0 0};
    %vpi_call/w 3 42 "$finish" {0 0 0};
    %end;
    .thread T_2;
# The file index is used to find the file name in the following table.
:file_names 5;
    "N/A";
    "<interactive>";
    "-";
    "sim/tm_choice_tb.sv";
    "hdl/tm_choice.sv";
